#
# There is insufficient memory for the Java Runtime Environment to continue.
# Native memory allocation (mmap) failed to map 266338304 bytes. Error detail: G1 virtual space
# Possible reasons:
#   The system is out of physical RAM or swap space
#   This process is running with CompressedOops enabled, and the Java Heap may be blocking the growth of the native heap
# Possible solutions:
#   Reduce memory load on the system
#   Increase physical memory or swap space
#   Check if swap backing store is full
#   Decrease Java heap size (-Xmx/-Xms)
#   Decrease number of Java threads
#   Decrease Java thread stack sizes (-Xss)
#   Set larger code cache with -XX:ReservedCodeCacheSize=
#   JVM is running with Zero Based Compressed Oops mode in which the Java heap is
#     placed in the first 32GB address space. The Java Heap base address is the
#     maximum limit for the native heap growth. Please use -XX:HeapBaseMinAddress
#     to set the Java Heap base and to place the Java Heap above 32GB virtual address.
# This output file may be truncated or incomplete.
#
#  Out of Memory Error (os_windows.cpp:3828), pid=5980, tid=9552
#
# JRE version:  (21.0.4+13) (build )
# Java VM: OpenJDK 64-Bit Server VM (21.0.4+13-b509.17, mixed mode, sharing, tiered, compressed oops, compressed class ptrs, g1 gc, windows-amd64)
# No core dump will be written. Minidumps are not enabled by default on client versions of Windows
#

---------------  S U M M A R Y ------------

Command Line: git4idea.http.GitAskPassApp Username for 'https://github.com': 

Host: 11th Gen Intel(R) Core(TM) i5-11400 @ 2.60GHz, 12 cores, 15G,  Windows 10 , 64 bit Build 19041 (10.0.19041.4842)
Time: Sat Oct  5 01:50:07 2024 West Asia Standard Time elapsed time: 0.005666 seconds (0d 0h 0m 0s)

---------------  T H R E A D  ---------------

Current thread (0x00000263e6b5d460):  JavaThread "Unknown thread" [_thread_in_vm, id=9552, stack(0x000000bcef100000,0x000000bcef200000) (1024K)]

Stack: [0x000000bcef100000,0x000000bcef200000]
Native frames: (J=compiled Java code, j=interpreted, Vv=VM code, C=native code)
V  [jvm.dll+0x6e36d9]
V  [jvm.dll+0x8c0bd3]
V  [jvm.dll+0x8c312e]
V  [jvm.dll+0x8c3813]
V  [jvm.dll+0x288256]
V  [jvm.dll+0x6dfe65]
V  [jvm.dll+0x6d433a]
V  [jvm.dll+0x36209b]
V  [jvm.dll+0x369c46]
V  [jvm.dll+0x3bbd76]
V  [jvm.dll+0x3bc048]
V  [jvm.dll+0x33485c]
V  [jvm.dll+0x33554b]
V  [jvm.dll+0x888039]
V  [jvm.dll+0x3c8ea8]
V  [jvm.dll+0x8711d8]
V  [jvm.dll+0x45d85e]
V  [jvm.dll+0x45f541]
C  [jli.dll+0x52ab]
C  [ucrtbase.dll+0x21bb2]
C  [KERNEL32.DLL+0x17374]
C  [ntdll.dll+0x4cc91]


---------------  P R O C E S S  ---------------

Threads class SMR info:
_java_thread_list=0x00007ff8e5d92108, length=0, elements={
}

Java Threads: ( => current thread )
Total: 0

Other Threads:
  0x00000263e8c73650 WorkerThread "GC Thread#0"                     [id=10568, stack(0x000000bcef200000,0x000000bcef300000) (1024K)]
  0x00000263e8c842c0 ConcurrentGCThread "G1 Main Marker"            [id=2352, stack(0x000000bcef300000,0x000000bcef400000) (1024K)]
  0x00000263e8c84f70 WorkerThread "G1 Conc#0"                       [id=3784, stack(0x000000bcef400000,0x000000bcef500000) (1024K)]

[error occurred during error reporting (printing all threads), id 0xc0000005, EXCEPTION_ACCESS_VIOLATION (0xc0000005) at pc=0x00007ff8e5487917]
VM state: not at safepoint (not fully initialized)

VM Mutex/Monitor currently owned by a thread:  ([mutex/lock_event])
[0x00007ff8e5e06a48] Heap_lock - owner thread: 0x00000263e6b5d460

Heap address: 0x0000000703600000, size: 4042 MB, Compressed Oops mode: Zero based, Oop shift amount: 3

CDS archive(s) mapped at: [0x0000000000000000-0x0000000000000000-0x0000000000000000), size 0, SharedBaseAddress: 0x0000000800000000, ArchiveRelocationMode: 1.
Narrow klass base: 0x0000000000000000, Narrow klass shift: 0, Narrow klass range: 0x0

GC Precious Log:
 CardTable entry size: 512
 Card Set container configuration: InlinePtr #cards 4 size 8 Array Of Cards #cards 16 size 48 Howl #buckets 8 coarsen threshold 3686 Howl Bitmap #cards 512 size 80 coarsen threshold 460 Card regions per heap region 1 cards per card region 4096

Heap:
 garbage-first heap   total 0K, used 0K [0x0000000703600000, 0x0000000800000000)
  region size 2048K, 0 young (0K), 0 survivors (0K)
 Metaspace       used 0K, committed 0K, reserved 0K
  class space    used 0K, committed 0K, reserved 0K

Heap Regions: E=young(eden), S=young(survivor), O=old, HS=humongous(starts), HC=humongous(continues), CS=collection set, F=free, TAMS=top-at-mark-start, PB=parsable bottom

Card table byte_map: [0x00000263fc880000,0x00000263fd070000] _byte_map_base: 0x00000263f9065000

Marking Bits: (CMBitMap*) 0x00000263e8c73d50
 Bits: [0x0000026380000000, 0x0000026383f28000)

GC Heap History (0 events):
No events

Dll operation events (1 events):
Event: 0.002 Loaded shared library C:\Program Files\JetBrains\PhpStorm2024.1\jbr\bin\java.dll

Deoptimization events (0 events):
No events

Classes loaded (0 events):
No events

Classes unloaded (0 events):
No events

Classes redefined (0 events):
No events

Internal exceptions (0 events):
No events

ZGC Phase Switch (0 events):
No events

VM Operations (0 events):
No events

Memory protections (0 events):
No events

Nmethod flushes (0 events):
No events

Events (0 events):
No events


Dynamic libraries:
0x00007ff6f95d0000 - 0x00007ff6f95da000 	C:\Program Files\JetBrains\PhpStorm2024.1\jbr\bin\java.exe
0x00007ff95dd90000 - 0x00007ff95df88000 	C:\Windows\SYSTEM32\ntdll.dll
0x00007ff95d3c0000 - 0x00007ff95d481000 	C:\Windows\System32\KERNEL32.DLL
0x00007ff95b590000 - 0x00007ff95b88d000 	C:\Windows\System32\KERNELBASE.dll
0x00007ff95bcc0000 - 0x00007ff95bdc0000 	C:\Windows\System32\ucrtbase.dll
0x00007ff944300000 - 0x00007ff944318000 	C:\Program Files\JetBrains\PhpStorm2024.1\jbr\bin\jli.dll
0x00007ff945f80000 - 0x00007ff945f9b000 	C:\Program Files\JetBrains\PhpStorm2024.1\jbr\bin\VCRUNTIME140.dll
0x00007ff95c260000 - 0x00007ff95c3fd000 	C:\Windows\System32\USER32.dll
0x00007ff95b9a0000 - 0x00007ff95b9c2000 	C:\Windows\System32\win32u.dll
0x00007ff942dd0000 - 0x00007ff94306a000 	C:\Windows\WinSxS\amd64_microsoft.windows.common-controls_6595b64144ccf1df_6.0.19041.4355_none_60b8b9eb71f62e16\COMCTL32.dll
0x00007ff95dcc0000 - 0x00007ff95dceb000 	C:\Windows\System32\GDI32.dll
0x00007ff95daa0000 - 0x00007ff95db3e000 	C:\Windows\System32\msvcrt.dll
0x00007ff95b440000 - 0x00007ff95b557000 	C:\Windows\System32\gdi32full.dll
0x00007ff95b890000 - 0x00007ff95b92d000 	C:\Windows\System32\msvcp_win.dll
0x00007ff95cf20000 - 0x00007ff95cf4f000 	C:\Windows\System32\IMM32.DLL
0x00007ff956160000 - 0x00007ff95616c000 	C:\Program Files\JetBrains\PhpStorm2024.1\jbr\bin\vcruntime140_1.dll
0x00007ff92f7a0000 - 0x00007ff92f82d000 	C:\Program Files\JetBrains\PhpStorm2024.1\jbr\bin\msvcp140.dll
0x00007ff8e5140000 - 0x00007ff8e5ef7000 	C:\Program Files\JetBrains\PhpStorm2024.1\jbr\bin\server\jvm.dll
0x00007ff95d9f0000 - 0x00007ff95daa0000 	C:\Windows\System32\ADVAPI32.dll
0x00007ff95db40000 - 0x00007ff95dbe0000 	C:\Windows\System32\sechost.dll
0x00007ff95c400000 - 0x00007ff95c523000 	C:\Windows\System32\RPCRT4.dll
0x00007ff95b560000 - 0x00007ff95b587000 	C:\Windows\System32\bcrypt.dll
0x00007ff95ce90000 - 0x00007ff95cefb000 	C:\Windows\System32\WS2_32.dll
0x00007ff95a8d0000 - 0x00007ff95a91b000 	C:\Windows\SYSTEM32\POWRPROF.dll
0x00007ff94e5a0000 - 0x00007ff94e5c7000 	C:\Windows\SYSTEM32\WINMM.dll
0x00007ff956070000 - 0x00007ff95607a000 	C:\Windows\SYSTEM32\VERSION.dll
0x00007ff95a7a0000 - 0x00007ff95a7b2000 	C:\Windows\SYSTEM32\UMPDC.dll
0x00007ff959240000 - 0x00007ff959252000 	C:\Windows\SYSTEM32\kernel.appcore.dll
0x00007ff945f70000 - 0x00007ff945f7a000 	C:\Program Files\JetBrains\PhpStorm2024.1\jbr\bin\jimage.dll
0x00007ff939830000 - 0x00007ff939a14000 	C:\Windows\SYSTEM32\DBGHELP.DLL
0x00007ff9397d0000 - 0x00007ff939804000 	C:\Windows\SYSTEM32\dbgcore.DLL
0x00007ff95bb30000 - 0x00007ff95bbb2000 	C:\Windows\System32\bcryptPrimitives.dll
0x00007ff945f40000 - 0x00007ff945f5f000 	C:\Program Files\JetBrains\PhpStorm2024.1\jbr\bin\java.dll

dbghelp: loaded successfully - version: 4.0.5 - missing functions: none
symbol engine: initialized successfully - sym options: 0x614 - pdb path: .;C:\Program Files\JetBrains\PhpStorm2024.1\jbr\bin;C:\Windows\SYSTEM32;C:\Windows\WinSxS\amd64_microsoft.windows.common-controls_6595b64144ccf1df_6.0.19041.4355_none_60b8b9eb71f62e16;C:\Program Files\JetBrains\PhpStorm2024.1\jbr\bin\server

VM Arguments:
java_command: git4idea.http.GitAskPassApp Username for 'https://github.com': 
java_class_path (initial): C:/Program Files/JetBrains/PhpStorm2024.1/plugins/vcs-git/lib/git4idea-rt.jar;C:/Program Files/JetBrains/PhpStorm2024.1/lib/externalProcess-rt.jar
Launcher Type: SUN_STANDARD

[Global flags]
     intx CICompilerCount                          = 4                                         {product} {ergonomic}
     uint ConcGCThreads                            = 3                                         {product} {ergonomic}
     uint G1ConcRefinementThreads                  = 10                                        {product} {ergonomic}
   size_t G1HeapRegionSize                         = 2097152                                   {product} {ergonomic}
    uintx GCDrainStackTargetSize                   = 64                                        {product} {ergonomic}
   size_t InitialHeapSize                          = 266338304                                 {product} {ergonomic}
   size_t MarkStackSize                            = 4194304                                   {product} {ergonomic}
   size_t MaxHeapSize                              = 4238344192                                {product} {ergonomic}
   size_t MinHeapDeltaBytes                        = 2097152                                   {product} {ergonomic}
   size_t MinHeapSize                              = 8388608                                   {product} {ergonomic}
    uintx NonNMethodCodeHeapSize                   = 5839372                                {pd product} {ergonomic}
    uintx NonProfiledCodeHeapSize                  = 122909434                              {pd product} {ergonomic}
    uintx ProfiledCodeHeapSize                     = 122909434                              {pd product} {ergonomic}
    uintx ReservedCodeCacheSize                    = 251658240                              {pd product} {ergonomic}
     bool SegmentedCodeCache                       = true                                      {product} {ergonomic}
   size_t SoftMaxHeapSize                          = 4238344192                             {manageable} {ergonomic}
     bool UseCompressedOops                        = true                           {product lp64_product} {ergonomic}
     bool UseG1GC                                  = true                                      {product} {ergonomic}
     bool UseLargePagesIndividualAllocation        = false                                  {pd product} {ergonomic}

Logging:
Log output configuration:
 #0: stdout all=warning uptime,level,tags foldmultilines=false
 #1: stderr all=off uptime,level,tags foldmultilines=false

Environment Variables:
PATH=C:/Program Files/Git/mingw64/libexec/git-core;C:/Program Files/Git/mingw64/libexec/git-core;C:\Program Files\Git\mingw64\bin;C:\Program Files\Git\usr\bin;C:\Users\Shoxrux\bin;C:\Windows\system32;C:\Windows;C:\Windows\System32\Wbem;C:\Windows\System32\WindowsPowerShell\v1.0\;C:\Program Files (x86)\Common Files\Acronis\SnapAPI\;C:\Program Files\Microsoft VS Code\bin;C:\Program Files\Git\cmd;C:\Program Files\dotnet\;C:\Users\Shoxrux\.config\herd\bin\nvm;C:\Program Files\nodejs;C:\Users\Shoxrux\.config\herd\bin;\flutter\bin;C:\Users\Shoxrux\AppData\Local\Microsoft\WindowsApps;C:\Users\Shoxrux\AppData\Local\GitHubDesktop\bin;D:\xampp\php;C:\Users\Shoxrux\AppData\Local\ComposerSetup\bin;C:\Users\Shoxrux\AppData\Roaming\Composer\vendor\bin
USERNAME=Shoxrux
DISPLAY=:0.0
LC_ALL=en_US.UTF-8
TERM=xterm-256color
TMPDIR=C:\Users\Shoxrux\AppData\Local\Temp
OS=Windows_NT
PROCESSOR_IDENTIFIER=Intel64 Family 6 Model 167 Stepping 1, GenuineIntel
TMP=C:\Users\Shoxrux\AppData\Local\Temp
TEMP=C:\Users\Shoxrux\AppData\Local\Temp




Periodic native trim disabled

JNI global refs:
JNI global refs: 0, weak refs: 0

JNI global refs memory usage: 0, weak refs: 0

Process memory usage:
Resident Set Size: 10980K (0% of 16556028K total physical memory with 1161276K free physical memory)

OOME stack traces (most recent first):
Classloader memory used:

---------------  S Y S T E M  ---------------

OS:
 Windows 10 , 64 bit Build 19041 (10.0.19041.4842)
OS uptime: 0 days 10:49 hours

CPU: total 12 (initial active 12) (6 cores per cpu, 2 threads per core) family 6 model 167 stepping 1 microcode 0x50, cx8, cmov, fxsr, ht, mmx, 3dnowpref, sse, sse2, sse3, ssse3, sse4.1, sse4.2, popcnt, lzcnt, tsc, tscinvbit, avx, avx2, aes, erms, clmul, bmi1, bmi2, adx, avx512f, avx512dq, avx512cd, avx512bw, avx512vl, sha, fma, vzeroupper, avx512_vpopcntdq, avx512_vpclmulqdq, avx512_vaes, avx512_vnni, clflush, clflushopt, avx512_vbmi2, avx512_vbmi, rdtscp, rdpid, fsrm, gfni, avx512_bitalg, f16c, pku, avx512_ifma
Processor Information for all 12 processors :
  Max Mhz: 2592, Current Mhz: 2592, Mhz Limit: 2592

Memory: 4k page, system-wide physical 16167M (1134M free)
TotalPageFile size 16167M (AvailPageFile size 160M)
current process WorkingSet (physical memory assigned to process): 10M, peak: 10M
current process commit charge ("private bytes"): 64M, peak: 318M

vm_info: OpenJDK 64-Bit Server VM (21.0.4+13-b509.17) for windows-amd64 JRE (21.0.4+13-b509.17), built on 2024-09-04 by "builduser" with MS VC++ 16.10 / 16.11 (VS2019)

END.
